{"/Users/parkercoyle/repositories/odinProject2/Odin-Battleship/src/ship.js": {"path":"/Users/parkercoyle/repositories/odinProject2/Odin-Battleship/src/ship.js","statementMap":{"0":{"start":{"line":1,"column":13},"end":{"line":13,"column":1}},"1":{"start":{"line":4,"column":4},"end":{"line":4,"column":18}},"2":{"start":{"line":5,"column":4},"end":{"line":5,"column":23}},"3":{"start":{"line":9,"column":4},"end":{"line":10,"column":22}},"4":{"start":{"line":9,"column":31},"end":{"line":9,"column":43}},"5":{"start":{"line":10,"column":9},"end":{"line":10,"column":22}},"6":{"start":{"line":12,"column":2},"end":{"line":12,"column":25}},"7":{"start":{"line":17,"column":0},"end":{"line":17,"column":22}}},"fnMap":{"0":{"name":"(anonymous_0)","decl":{"start":{"line":1,"column":13},"end":{"line":1,"column":14}},"loc":{"start":{"line":1,"column":38},"end":{"line":13,"column":1}},"line":1},"1":{"name":"hit","decl":{"start":{"line":3,"column":11},"end":{"line":3,"column":14}},"loc":{"start":{"line":3,"column":17},"end":{"line":6,"column":3}},"line":3},"2":{"name":"isSunk","decl":{"start":{"line":8,"column":11},"end":{"line":8,"column":17}},"loc":{"start":{"line":8,"column":20},"end":{"line":11,"column":3}},"line":8},"3":{"name":"isSunk","decl":{"start":{"line":15,"column":9},"end":{"line":15,"column":15}},"loc":{"start":{"line":15,"column":28},"end":{"line":15,"column":30}},"line":15}},"branchMap":{"0":{"loc":{"start":{"line":9,"column":4},"end":{"line":10,"column":22}},"type":"if","locations":[{"start":{"line":9,"column":4},"end":{"line":10,"column":22}},{"start":{"line":10,"column":9},"end":{"line":10,"column":22}}],"line":9}},"s":{"0":1,"1":1,"2":1,"3":3,"4":2,"5":1,"6":4,"7":1},"f":{"0":4,"1":1,"2":3,"3":0},"b":{"0":[2,1]},"_coverageSchema":"1a1c01bbd47fc00a2c39e90264f33305004495a9","hash":"71fed7948bb8d39ae8f46ae2b74cb099b3c3853b"}
}
